<?xml version="1.0" encoding="UTF-8"?>
<testng-results ignored="0" total="2" passed="2" failed="0" skipped="0">
  <reporter-output>
  </reporter-output>
  <suite started-at="2024-09-03T19:17:01 GMT+01:00" name="Command line suite" finished-at="2024-09-03T19:17:07 GMT+01:00" duration-ms="6141">
    <groups>
    </groups>
    <test started-at="2024-09-03T19:17:01 GMT+01:00" name="Command line test" finished-at="2024-09-03T19:17:07 GMT+01:00" duration-ms="6141">
      <class name="gitTestPac.GitTest2Class">
        <test-method signature="test1()[pri:0, instance:gitTestPac.GitTest2Class@a7e666]" started-at="2024-09-03T19:17:01 GMT+01:00" name="test1" finished-at="2024-09-03T19:17:04 GMT+01:00" duration-ms="3766" status="PASS">
          <reporter-output>
          </reporter-output>
        </test-method> <!-- test1 -->
        <test-method signature="test2()[pri:0, instance:gitTestPac.GitTest2Class@a7e666]" started-at="2024-09-03T19:17:04 GMT+01:00" name="test2" finished-at="2024-09-03T19:17:07 GMT+01:00" duration-ms="2338" status="PASS">
          <reporter-output>
          </reporter-output>
        </test-method> <!-- test2 -->
      </class> <!-- gitTestPac.GitTest2Class -->
    </test> <!-- Command line test -->
  </suite> <!-- Command line suite -->
</testng-results>
